<?xml version="1.0" encoding="UTF-8"?>
<testng-results ignored="0" total="2" passed="2" failed="0" skipped="0">
  <reporter-output>
  </reporter-output>
  <suite started-at="2022-07-30T11:39:43 IST" name="Default suite" finished-at="2022-07-30T11:39:56 IST" duration-ms="13068">
    <groups>
    </groups>
    <test started-at="2022-07-30T11:39:43 IST" name="Default test" finished-at="2022-07-30T11:39:56 IST" duration-ms="13068">
      <class name="Chromedriver.tesgtngdemo1">
        <test-method signature="google()[pri:1, instance:Chromedriver.tesgtngdemo1@72e5a8e]" started-at="2022-07-30T11:39:43 IST" name="google" finished-at="2022-07-30T11:39:50 IST" duration-ms="6856" status="PASS">
          <reporter-output>
          </reporter-output>
        </test-method> <!-- google -->
        <test-method signature="amazon()[pri:2, instance:Chromedriver.tesgtngdemo1@72e5a8e]" started-at="2022-07-30T11:39:50 IST" name="amazon" finished-at="2022-07-30T11:39:56 IST" duration-ms="6122" status="PASS">
          <reporter-output>
          </reporter-output>
        </test-method> <!-- amazon -->
      </class> <!-- Chromedriver.tesgtngdemo1 -->
    </test> <!-- Default test -->
  </suite> <!-- Default suite -->
</testng-results>
